<?xml version="1.0" encoding="UTF-8"?>
<!-- Generated by org.testng.reporters.JUnitXMLReporter -->
<testsuite hostname="Darshan-PC" ignored="0" name="Surefire test" tests="6" failures="0" timestamp="09 Apr 2020 13:18:52 GMT" time="0.046" errors="0">
  <testcase name="IOSApps" time="0.0" classname="darshan.mycompany.app.AppiumTest"/>
  <testcase name="NativeAppAndroid" time="0.015" classname="darshan.mycompany.app.AppiumTest"/>
  <testcase name="deleteTwitter" time="0.0" classname="darshan.mycompany.app.RestAPITest"/>
  <testcase name="postJira" time="0.0" classname="darshan.mycompany.app.RestAPITest"/>
  <testcase name="browserautomation" time="0.0" classname="darshan.mycompany.app.SeleniumTest"/>
  <testcase name="elementuis" time="0.0" classname="darshan.mycompany.app.SeleniumTest"/>
</testsuite> <!-- Surefire test -->
